<?xml version="1.0" encoding="UTF-8"?>
<!-- Generated by org.testng.reporters.JUnitReportReporter -->
<testsuite hostname="PRASANTH-PC" failures="0" tests="1" name="com.calculator.Addition_Functionality_Check" time="39.476" errors="0" timestamp="02 Apr 2024 11:32:05 GMT" skipped="0">
  <testcase classname="com.calculator.Addition_Functionality_Check" name="Add" time="39.476"/>
</testsuite> <!-- com.calculator.Addition_Functionality_Check -->
