<?xml version="1.0" encoding="UTF-8"?>
<!-- Generated by org.testng.reporters.JUnitReportReporter -->
<testsuite hostname="PRASANTH-PC" failures="0" tests="1" name="com.Instagram.Chat" time="28.431" errors="0" timestamp="03 Apr 2024 13:34:14 GMT" skipped="0">
  <testcase classname="com.Instagram.Chat" name="Add" time="28.431"/>
</testsuite> <!-- com.Instagram.Chat -->
